# JRE version: Java(TM) SE Runtime Environment (21.0.2+13) (build 21.0.2+13-LTS-58)
# Java VM: Java HotSpot(TM) 64-Bit Server VM (21.0.2+13-LTS-58, mixed mode, sharing, tiered, compressed oops, compressed class ptrs, g1 gc, windows-amd64)
GC Precious Log:
 CardTable entry size: 512
 Card Set container configuration: InlinePtr #cards 4 size 8 Array Of Cards #cards 16 size 48 Howl #buckets 8 coarsen threshold 3686 Howl Bitmap #cards 512 size 80 coarsen threshold 460 Card regions per heap region 1 cards per card region 4096
 CPUs: 3 total, 3 available
 Memory: 10239M
 Large Page Support: Disabled
 NUMA Support: Disabled
 Compressed Oops: Enabled (Zero based)
 Heap Region Size: 2M
 Heap Min Capacity: 8M
 Heap Initial Capacity: 160M
 Heap Max Capacity: 2560M
 Pre-touch: Disabled
 Parallel Workers: 3
 Concurrent Workers: 1
 Concurrent Refinement Workers: 3
 Periodic GC: Disabled
Heap:
 garbage-first heap   total 59392K, used 23363K [0x0000000760000000, 0x0000000800000000)
  region size 2048K, 3 young (6144K), 2 survivors (4096K)
 Metaspace       used 59979K, committed 60608K, reserved 1114112K
  class space    used 7999K, committed 8256K, reserved 1048576K
GC Heap History (20 events):
Event: 0.372 GC heap before
{Heap before GC invocations=0 (full 0):
 garbage-first heap   total 163840K, used 6144K [0x0000000760000000, 0x0000000800000000)
  region size 2048K, 4 young (8192K), 0 survivors (0K)
 Metaspace       used 1050K, committed 1152K, reserved 1114112K
  class space    used 82K, committed 128K, reserved 1048576K
}
Event: 0.376 GC heap after
{Heap after GC invocations=1 (full 0):
 garbage-first heap   total 163840K, used 5610K [0x0000000760000000, 0x0000000800000000)
  region size 2048K, 1 young (2048K), 1 survivors (2048K)
 Metaspace       used 1050K, committed 1152K, reserved 1114112K
  class space    used 82K, committed 128K, reserved 1048576K
}
Event: 0.633 GC heap before
{Heap before GC invocations=1 (full 0):
 garbage-first heap   total 163840K, used 11754K [0x0000000760000000, 0x0000000800000000)
  region size 2048K, 4 young (8192K), 1 survivors (2048K)
 Metaspace       used 3776K, committed 3968K, reserved 1114112K
  class space    used 392K, committed 512K, reserved 1048576K
}
Event: 0.636 GC heap after
{Heap after GC invocations=2 (full 0):
 garbage-first heap   total 163840K, used 6105K [0x0000000760000000, 0x0000000800000000)
  region size 2048K, 1 young (2048K), 1 survivors (2048K)
 Metaspace       used 3776K, committed 3968K, reserved 1114112K
  class space    used 392K, committed 512K, reserved 1048576K
}
Event: 0.876 GC heap before
{Heap before GC invocations=2 (full 0):
 garbage-first heap   total 163840K, used 12249K [0x0000000760000000, 0x0000000800000000)
  region size 2048K, 5 young (10240K), 1 survivors (2048K)
 Metaspace       used 6403K, committed 6656K, reserved 1114112K
  class space    used 736K, committed 832K, reserved 1048576K
}
Event: 0.879 GC heap after
{Heap after GC invocations=3 (full 0):
 garbage-first heap   total 163840K, used 6875K [0x0000000760000000, 0x0000000800000000)
  region size 2048K, 1 young (2048K), 1 survivors (2048K)
 Metaspace       used 6403K, committed 6656K, reserved 1114112K
  class space    used 736K, committed 832K, reserved 1048576K
}
Event: 1.289 GC heap before
{Heap before GC invocations=3 (full 0):
 garbage-first heap   total 163840K, used 27355K [0x0000000760000000, 0x0000000800000000)
  region size 2048K, 11 young (22528K), 1 survivors (2048K)
 Metaspace       used 11672K, committed 11904K, reserved 1114112K
  class space    used 1363K, committed 1472K, reserved 1048576K
}
Event: 1.295 GC heap after
{Heap after GC invocations=4 (full 0):
 garbage-first heap   total 163840K, used 9159K [0x0000000760000000, 0x0000000800000000)
  region size 2048K, 2 young (4096K), 2 survivors (4096K)
 Metaspace       used 11672K, committed 11904K, reserved 1114112K
  class space    used 1363K, committed 1472K, reserved 1048576K
}
Event: 2.335 GC heap before
{Heap before GC invocations=4 (full 0):
 garbage-first heap   total 163840K, used 56263K [0x0000000760000000, 0x0000000800000000)
  region size 2048K, 27 young (55296K), 2 survivors (4096K)
 Metaspace       used 21192K, committed 21504K, reserved 1114112K
  class space    used 2522K, committed 2688K, reserved 1048576K
}
Event: 2.348 GC heap after
{Heap after GC invocations=5 (full 0):
 garbage-first heap   total 163840K, used 13255K [0x0000000760000000, 0x0000000800000000)
  region size 2048K, 4 young (8192K), 4 survivors (8192K)
 Metaspace       used 21192K, committed 21504K, reserved 1114112K
  class space    used 2522K, committed 2688K, reserved 1048576K
}
Event: 2.938 GC heap before
{Heap before GC invocations=6 (full 0):
 garbage-first heap   total 49152K, used 33735K [0x0000000760000000, 0x0000000800000000)
  region size 2048K, 14 young (28672K), 4 survivors (8192K)
 Metaspace       used 25100K, committed 25536K, reserved 1114112K
  class space    used 3098K, committed 3328K, reserved 1048576K
}
Event: 2.956 GC heap after
{Heap after GC invocations=7 (full 0):
 garbage-first heap   total 49152K, used 15440K [0x0000000760000000, 0x0000000800000000)
  region size 2048K, 2 young (4096K), 2 survivors (4096K)
 Metaspace       used 25100K, committed 25536K, reserved 1114112K
  class space    used 3098K, committed 3328K, reserved 1048576K
}
Event: 3.515 GC heap before
{Heap before GC invocations=7 (full 0):
 garbage-first heap   total 49152K, used 35920K [0x0000000760000000, 0x0000000800000000)
  region size 2048K, 12 young (24576K), 2 survivors (4096K)
 Metaspace       used 30471K, committed 31040K, reserved 1114112K
  class space    used 3774K, committed 4032K, reserved 1048576K
}
Event: 3.522 GC heap after
{Heap after GC invocations=8 (full 0):
 garbage-first heap   total 59392K, used 17837K [0x0000000760000000, 0x0000000800000000)
  region size 2048K, 2 young (4096K), 2 survivors (4096K)
 Metaspace       used 30471K, committed 31040K, reserved 1114112K
  class space    used 3774K, committed 4032K, reserved 1048576K
}
Event: 3.992 GC heap before
{Heap before GC invocations=8 (full 0):
 garbage-first heap   total 59392K, used 36269K [0x0000000760000000, 0x0000000800000000)
  region size 2048K, 13 young (26624K), 2 survivors (4096K)
 Metaspace       used 35531K, committed 35968K, reserved 1114112K
  class space    used 4472K, committed 4672K, reserved 1048576K
}
Event: 3.998 GC heap after
{Heap after GC invocations=9 (full 0):
 garbage-first heap   total 59392K, used 18854K [0x0000000760000000, 0x0000000800000000)
  region size 2048K, 1 young (2048K), 1 survivors (2048K)
 Metaspace       used 35531K, committed 35968K, reserved 1114112K
  class space    used 4472K, committed 4672K, reserved 1048576K
}
Event: 4.936 GC heap before
{Heap before GC invocations=10 (full 0):
 garbage-first heap   total 59392K, used 45478K [0x0000000760000000, 0x0000000800000000)
  region size 2048K, 15 young (30720K), 1 survivors (2048K)
 Metaspace       used 45746K, committed 46336K, reserved 1114112K
  class space    used 5805K, committed 6080K, reserved 1048576K
}
Event: 4.941 GC heap after
{Heap after GC invocations=11 (full 0):
 garbage-first heap   total 59392K, used 20633K [0x0000000760000000, 0x0000000800000000)
  region size 2048K, 2 young (4096K), 2 survivors (4096K)
 Metaspace       used 45746K, committed 46336K, reserved 1114112K
  class space    used 5805K, committed 6080K, reserved 1048576K
}
Event: 5.588 GC heap before
{Heap before GC invocations=11 (full 0):
 garbage-first heap   total 59392K, used 47257K [0x0000000760000000, 0x0000000800000000)
  region size 2048K, 16 young (32768K), 2 survivors (4096K)
 Metaspace       used 54575K, committed 55168K, reserved 1114112K
  class space    used 7054K, committed 7296K, reserved 1048576K
}
Event: 5.598 GC heap after
{Heap after GC invocations=12 (full 0):
 garbage-first heap   total 59392K, used 22179K [0x0000000760000000, 0x0000000800000000)
  region size 2048K, 2 young (4096K), 2 survivors (4096K)
 Metaspace       used 54575K, committed 55168K, reserved 1114112K
  class space    used 7054K, committed 7296K, reserved 1048576K
}

